\BOOKMARK [0][-]{section*.1}{\376\377\000D\000e\000c\000l\000a\000r\000a\000t\000i\000o\000n\000\040\000o\000f\000\040\000A\000u\000t\000h\000o\000r\000s\000h\000i\000p}{}% 1
\BOOKMARK [0][-]{section*.2}{\376\377\000A\000b\000s\000t\000r\000a\000c\000t}{}% 2
\BOOKMARK [0][-]{section*.3}{\376\377\000A\000c\000k\000n\000o\000w\000l\000e\000d\000g\000e\000m\000e\000n\000t\000s}{}% 3
\BOOKMARK [0][-]{section*.7}{\376\377\000L\000i\000s\000t\000\040\000o\000f\000\040\000A\000c\000r\000o\000n\000y\000m\000s}{}% 4
\BOOKMARK [0][-]{chapter.9}{\376\377\000D\000e\000c\000o\000d\000i\000n\000g\000\040\000t\000h\000e\000\040\000C\000r\000y\000s\000t\000a\000l\000\040\000R\000e\000c\000i\000p\000e\000:\000\040\000P\000r\000e\000d\000i\000c\000t\000i\000n\000g\000\040\000P\000r\000o\000t\000e\000i\000n\000\040\000C\000r\000y\000s\000t\000a\000l\000l\000i\000z\000a\000t\000i\000o\000n\000\040\000C\000o\000n\000d\000i\000t\000i\000o\000n\000s\000\040\000v\000i\000a\000\040\000M\000a\000c\000h\000i\000n\000e\000\040\000L\000e\000a\000r\000n\000i\000n\000g}{}% 5
\BOOKMARK [1][-]{section.10}{\376\377\000I\000n\000t\000r\000o\000d\000u\000c\000t\000i\000o\000n}{chapter.9}% 6
\BOOKMARK [1][-]{section.11}{\376\377\000R\000e\000l\000a\000t\000e\000d\000\040\000W\000o\000r\000k\000s}{chapter.9}% 7
\BOOKMARK [2][-]{subsection.12}{\376\377\000C\000h\000a\000l\000l\000e\000n\000g\000e\000\040\000o\000f\000\040\000X\000-\000r\000a\000y\000\040\000C\000r\000y\000s\000t\000a\000l\000l\000o\000g\000r\000a\000p\000h\000y}{section.11}% 8
\BOOKMARK [2][-]{subsection.13}{\376\377\000P\000r\000e\000d\000i\000c\000t\000i\000n\000g\000\040\000P\000r\000o\000t\000e\000i\000n\000\040\000C\000r\000y\000s\000t\000a\000l\000l\000i\000z\000a\000t\000i\000o\000n}{section.11}% 9
\BOOKMARK [2][-]{subsection.14}{\376\377\000P\000r\000e\000d\000i\000c\000t\000i\000n\000g\000\040\000C\000r\000y\000s\000t\000a\000l\000l\000i\000z\000a\000t\000i\000o\000n\000\040\000p\000H}{section.11}% 10
\BOOKMARK [2][-]{subsection.15}{\376\377\000P\000r\000e\000d\000i\000c\000t\000i\000n\000g\000\040\000C\000r\000y\000s\000t\000a\000l\000l\000i\000z\000a\000t\000i\000o\000n\000\040\000C\000h\000e\000m\000i\000c\000a\000l\000s}{section.11}% 11
\BOOKMARK [0][-]{chapter.16}{\376\377\000B\000a\000c\000k\000g\000r\000o\000u\000n\000d}{}% 12
\BOOKMARK [1][-]{section.17}{\376\377\000P\000r\000o\000t\000e\000i\000n\000\040\000C\000r\000y\000s\000t\000a\000l\000l\000i\000z\000a\000t\000i\000o\000n}{chapter.16}% 13
\BOOKMARK [2][-]{subsection.18}{\376\377\000C\000r\000y\000s\000t\000a\000l\000\040\000G\000r\000o\000w\000t\000h}{section.17}% 14
\BOOKMARK [2][-]{subsection.20}{\376\377\000C\000r\000y\000s\000t\000a\000l\000l\000i\000z\000a\000t\000i\000o\000n\000\040\000c\000o\000c\000k\000t\000a\000i\000l\000s}{section.17}% 15
\BOOKMARK [1][-]{section.24}{\376\377\000M\000a\000c\000h\000i\000n\000e\000\040\000L\000e\000a\000r\000n\000i\000n\000g}{chapter.16}% 16
\BOOKMARK [2][-]{subsection.25}{\376\377\000L\000e\000a\000r\000n\000i\000n\000g\000\040\000p\000a\000r\000a\000d\000i\000g\000m\000s}{section.24}% 17
\BOOKMARK [2][-]{subsection.28}{\376\377\000E\000x\000t\000r\000e\000m\000e\000\040\000G\000r\000a\000d\000i\000e\000n\000t\000\040\000B\000o\000o\000s\000t\000i\000n\000g}{section.24}% 18
\BOOKMARK [0][-]{chapter.34}{\376\377\000D\000a\000t\000a}{}% 19
\BOOKMARK [1][-]{section.35}{\376\377\000T\000h\000e\000\040\000P\000r\000o\000t\000e\000i\000n\000\040\000d\000a\000t\000a\000b\000a\000s\000e}{chapter.34}% 20
\BOOKMARK [2][-]{subsection.36}{\376\377\000A\000c\000q\000u\000i\000s\000i\000t\000i\000o\000n}{section.35}% 21
\BOOKMARK [2][-]{subsection.37}{\376\377\000F\000o\000r\000m\000a\000t}{section.35}% 22
\BOOKMARK [2][-]{subsection.38}{\376\377\000S\000t\000r\000u\000c\000t\000u\000r\000e}{section.35}% 23
\BOOKMARK [2][-]{subsection.40}{\376\377\000D\000e\000s\000c\000r\000i\000p\000t\000i\000o\000n}{section.35}% 24
\BOOKMARK [1][-]{section.44}{\376\377\000D\000e\000t\000a\000i\000l\000s\000\040\000P\000a\000r\000s\000i\000n\000g}{chapter.34}% 25
\BOOKMARK [2][-]{subsection.46}{\376\377\000P\000i\000p\000e\000l\000i\000n\000e}{section.44}% 26
\BOOKMARK [2][-]{subsection.47}{\376\377\000P\000a\000r\000s\000i\000n\000g\000\040\000Q\000u\000a\000l\000i\000t\000y}{section.44}% 27
\BOOKMARK [1][-]{section.51}{\376\377\000D\000a\000t\000a\000\040\000A\000n\000a\000l\000y\000s\000i\000s}{chapter.34}% 28
\BOOKMARK [2][-]{subsection.52}{\376\377\000U\000n\000i\000v\000a\000r\000i\000a\000t\000e\000\040\000A\000n\000a\000l\000y\000s\000i\000s}{section.51}% 29
\BOOKMARK [3][-]{subsubsection.53}{\376\377\000P\000r\000o\000t\000e\000i\000n\000\040\000f\000e\000a\000t\000u\000r\000e\000s}{subsection.52}% 30
\BOOKMARK [3][-]{subsubsection.61}{\376\377\000C\000o\000n\000d\000i\000t\000i\000o\000n}{subsection.52}% 31
\BOOKMARK [2][-]{subsection.67}{\376\377\000M\000u\000l\000t\000i\000v\000a\000r\000i\000a\000t\000e\000\040\000A\000n\000a\000l\000y\000s\000i\000s}{section.51}% 32
\BOOKMARK [1][-]{section.71}{\376\377\000C\000r\000y\000s\000t\000a\000l\000l\000i\000z\000a\000t\000i\000o\000n\000\040\000I\000n\000f\000o\000r\000m\000a\000t\000i\000o\000n\000\040\000M\000a\000n\000a\000g\000e\000m\000e\000n\000t\000\040\000S\000y\000s\000t\000e\000m}{chapter.34}% 33
\BOOKMARK [2][-]{subsection.72}{\376\377\000D\000a\000t\000a\000\040\000A\000c\000q\000u\000i\000s\000i\000t\000i\000o\000n}{section.71}% 34
\BOOKMARK [2][-]{subsection.74}{\376\377\000C\000o\000n\000f\000i\000r\000m\000a\000t\000i\000o\000n\000\040\000o\000f\000\040\000p\000r\000o\000t\000e\000i\000n\000\040\000c\000r\000y\000s\000t\000a\000l\000s}{section.71}% 35
\BOOKMARK [2][-]{subsection.76}{\376\377\000D\000a\000t\000a\000\040\000A\000n\000a\000l\000y\000s\000i\000s\000\040\000\046\000\040\000Q\000u\000a\000l\000i\000t\000y\000\040\000a\000s\000s\000e\000s\000s\000m\000e\000n\000t}{section.71}% 36
\BOOKMARK [0][-]{chapter.78}{\376\377\000M\000e\000t\000h\000o\000d\000s}{}% 37
\BOOKMARK [1][-]{section.79}{\376\377\000F\000e\000a\000t\000u\000r\000e\000\040\000E\000n\000g\000i\000n\000e\000e\000r\000i\000n\000g}{chapter.78}% 38
\BOOKMARK [2][-]{subsection.80}{\376\377\000S\000e\000q\000u\000e\000n\000c\000e\000\040\000I\000n\000f\000o\000r\000m\000a\000t\000i\000o\000n}{section.79}% 39
\BOOKMARK [2][-]{subsection.81}{\376\377\000S\000e\000q\000u\000e\000n\000c\000e\000\040\000E\000m\000b\000e\000d\000d\000i\000n\000g}{section.79}% 40
\BOOKMARK [2][-]{subsection.84}{\376\377\000S\000u\000r\000f\000a\000c\000e\000\040\000E\000m\000b\000e\000d\000d\000i\000n\000g}{section.79}% 41
\BOOKMARK [2][-]{subsection.87}{\376\377\000S\000u\000r\000f\000a\000c\000e\000\040\000I\000n\000f\000o\000r\000m\000a\000t\000i\000o\000n}{section.79}% 42
\BOOKMARK [2][-]{subsection.88}{\376\377\000S\000t\000r\000u\000c\000t\000u\000r\000e\000\040\000E\000m\000b\000e\000d\000d\000i\000n\000g}{section.79}% 43
\BOOKMARK [2][-]{subsection.90}{\376\377\000C\000o\000n\000d\000i\000t\000i\000o\000n\000\040\000E\000m\000b\000e\000d\000d\000i\000n\000g}{section.79}% 44
\BOOKMARK [3][-]{subsubsection.91}{\376\377\000F\000e\000a\000t\000u\000r\000e\000\040\000v\000e\000c\000t\000o\000r}{subsection.90}% 45
\BOOKMARK [3][-]{subsubsection.92}{\376\377\000S\000e\000m\000a\000n\000t\000i\000c\000\040\000r\000e\000p\000r\000e\000s\000e\000n\000t\000a\000t\000i\000o\000n}{subsection.90}% 46
\BOOKMARK [1][-]{section.95}{\376\377\000T\000r\000a\000i\000n\000i\000n\000g}{chapter.78}% 47
\BOOKMARK [2][-]{subsection.96}{\376\377\000D\000a\000t\000a\000\040\000s\000p\000l\000i\000t}{section.95}% 48
\BOOKMARK [3][-]{subsubsection.97}{\376\377\000P\000r\000o\000t\000e\000i\000n\000-\000b\000a\000s\000e\000d\000\040\000t\000r\000a\000i\000n\000i\000n\000g\000s\000\040\000s\000p\000l\000i\000t}{subsection.96}% 49
\BOOKMARK [3][-]{subsubsection.98}{\376\377\000C\000o\000n\000d\000i\000t\000i\000o\000n\000-\000b\000a\000s\000e\000d\000\040\000t\000r\000a\000i\000n\000i\000n\000g\000s\000\040\000s\000p\000l\000i\000t}{subsection.96}% 50
\BOOKMARK [2][-]{subsection.100}{\376\377\000H\000y\000p\000e\000r\000p\000a\000r\000a\000m\000e\000t\000e\000r\000\040\000T\000u\000n\000i\000n\000g}{section.95}% 51
\BOOKMARK [2][-]{subsection.101}{\376\377\000E\000v\000a\000l\000u\000a\000t\000i\000o\000n\000\040\000M\000e\000t\000r\000i\000c\000s}{section.95}% 52
\BOOKMARK [0][-]{chapter.115}{\376\377\000R\000e\000s\000u\000l\000t\000s}{}% 53
\BOOKMARK [1][-]{section.116}{\376\377\000E\000v\000a\000l\000u\000a\000t\000i\000o\000n}{chapter.115}% 54
\BOOKMARK [1][-]{section.120}{\376\377\000H\000y\000p\000e\000r\000p\000a\000r\000a\000m\000e\000t\000e\000r\000\040\000T\000u\000n\000i\000n\000g}{chapter.115}% 55
\BOOKMARK [1][-]{section.121}{\376\377\000I\000n\000t\000e\000r\000p\000r\000e\000t\000a\000t\000i\000o\000n}{chapter.115}% 56
\BOOKMARK [0][-]{chapter.122}{\376\377\000D\000i\000s\000c\000u\000s\000s\000i\000o\000n}{}% 57
\BOOKMARK [0][-]{appendix.123}{\376\377\000D\000a\000t\000a\000\040\000A\000p\000p\000e\000n\000d\000i\000x}{}% 58
\BOOKMARK [0][-]{appendix.128}{\376\377\000M\000e\000t\000h\000o\000d\000s\000\040\000A\000p\000p\000e\000n\000d\000i\000x}{}% 59
\BOOKMARK [0][-]{appendix*.149}{\376\377\000B\000i\000b\000l\000i\000o\000g\000r\000a\000p\000h\000y}{}% 60
